2025-10-09 11:09:04.645 [main] INFO  com.douyin.util.DouyinPayUtil:35 - 生成的data参数: {"skuList":[{"skuId":"temp_order_1759379546448","price":2,"quantity":1,"title":"曾天劭自动化进件1753340831","imageList":["https://image.bolink.club/yima/parking-icon.png"],"type":1,"tagGroupId":"parking_service"}],"outOrderNo":"temp_order_1759977417825","totalAmount":2,"payExpireSeconds":300,"payNotifyUrl":"https://your-domain.com/douyin/pay/notify","merchantUid":"75542533284907768660","orderEntrySchema":{"path":"subpackages/airport-parking/order-detail/index","params":"{\"orderId\":\"temp_order_1759977417825\",\"fromPayment\":\"true\"}"},"industry":"交通出行-交通出行-停车","limitPayWayList":[]}
2025-10-09 11:09:04.681 [main] INFO  com.douyin.util.DouyinPayUtil:62 - 生成的byteAuthorization: SHA256-RSA2048 appid=tta5f4d3493af8920701,nonce_str=466cfedd87ff4604a87b2836868d81d2,timestamp=1759979344,key_version=1,signature=pTYDZiMr85rj8gDt+cQ0BFO/sIo+LkeCkxEy09SSdywjvVaw1qZXCYeu4HLrOnjTvlko6oRq3zwThWyOcPS59PU1oG1drY+xUFGMrUQQMfRcaL6KfTxNbLBYmdHDx2XUb/jXjMY8QsMi4L1znVZGtbBMDhpmO4EVXEFNOEJAeArC2Xv2pgtdRLEFSW1pnkTeCa/N3u9U/7zK4aOytUzsTbolxmpXxNFZTRrn3Df/NsVQNWnJOp/5bklrYsauhl9EK8O6byoN2cDO7bhTwp39JK6K7UjlkRV67WU0aszM+ncGG+JM7qRUgP05uWk5vOAo9BPuYIemeT7ALMUAMMsyZQ==
2025-10-09 11:43:21.901 [main] INFO  com.douyin.util.DouyinPayUtil:35 - 生成的data参数: {"skuList":[{"skuId":"temp_order_1759379546448","price":2,"quantity":1,"title":"曾天劭自动化进件1753340831","imageList":["https://image.bolink.club/yima/parking-icon.png"],"type":301,"tagGroupId":"parking_service"}],"outOrderNo":"temp_order_1759977417825","totalAmount":2,"payExpireSeconds":300,"payNotifyUrl":"https://beta.bolink.club/unionapi/douyin/pay/notify","merchantUid":"75542533284907768660","orderEntrySchema":{"path":"subpackages/airport-parking/order-detail/index","params":"{\"orderId\":\"temp_order_1759977417825\",\"fromPayment\":\"true\"}"},"limitPayWayList":[]}
2025-10-09 11:43:21.933 [main] INFO  com.douyin.util.DouyinPayUtil:62 - 生成的byteAuthorization: SHA256-RSA2048 appid=tta5f4d3493af8920701,nonce_str=6a12cea940014098acdf292c3a22fe86,timestamp=1759981401,key_version=1,signature=JPnO9Onv8LRxshfeMYBnzf90Lcq0Spc7iMnPatLYd6ZIH/rkIkUjja1BpcOEW+rMDrLHPr4ZPP+CazHKUEutzWA27/b1/LXwP03h2F/36FHcRxMyGJFKHMyHD1WAxRfn2KBJhzMJ6KTcoj34jjSf8etwKChpSKnsTPAQuPxcgyZ525u+aDlY63Bq+6RQxqHFxdLGM88/W76YPAbg5w5P3agSfNPpqmL4evQelCZAJpq4nYPZjSRgej8oEuK3+7PRbJ4v/RO4hKiPRIGgF34LaYwPZO6lpdjo5OIAz+Us7nV+SB4qqHjfxfTykh4IQBGsO6GYjYUk33Li/4uEvmBRZw==
2025-10-09 11:53:29.490 [main] INFO  com.douyin.util.DouyinPayUtil:35 - 生成的data参数: {"skuList":[{"skuId":"temp_order_1759981697035","price":2,"quantity":1,"title":"曾天劭自动化进件1753340831","imageList":["https://image.bolink.com/yima/parking-icon.png"],"type":301,"tagGroupId":"parking_service"}],"outOrderNo":"temp_order_1759981697035","totalAmount":2,"payExpireSeconds":300,"payNotifyUrl":"https://beta.bolink.club/unionapi/douyin/notify","merchantUid":"75542533284907768660","orderEntrySchema":{"path":"subpackages/airport-parking/order-detail/index","params":"{\"orderId\":\"temp_order_1759981697035\",\"fromPayment\":\"true\"}"},"limitPayWayList":[]}
2025-10-09 11:53:29.520 [main] INFO  com.douyin.util.DouyinPayUtil:62 - 生成的byteAuthorization: SHA256-RSA2048 appid=tta5f4d3493af8920701,nonce_str=35ff9371866648fe90f701930d3dd51e,timestamp=1759982009,key_version=1,signature=P+v4/PNX6x4qNPnZRHSc8anzVH0cjKMX4a39O8JXJvpkuWsh6VNa4jXul4O3ELZpqtLyXRBrANvpYbvyJSgid8hIZH56/wUQWL1e2KLYm1VjkVpaH1diEYvW/0mU+ubTGyVKX1mK28kluoGxK0eaWRniyDwVQOGtzKX6M3zPEDPDbbXFy7HdnfxE9V5Pf3SZOW9MAn3sFRKd3T0H/NLdUAYcFqSDG/i1L7wSSFzDutznVHOTP6H6lByEWa2PAdJ8lNPvzipDZw3oTkYPeKl5pI+rUbWLgSLIkOCTeNQ854MDu2MgYCMQKJx0+A2U0eXBopF8ffu2bSLqDTLKGBdwFg==
2025-10-09 13:51:19.678 [main] INFO  com.douyin.util.DouyinPayUtil:35 - 生成的data参数: {"skuList":[{"skuId":"temp_order_1759981697035","price":2,"quantity":1,"title":"曾天劭自动化进件1753340831","imageList":["https://image.bolink.com/yima/parking-icon.png"],"type":301,"tagGroupId":"parking_service"}],"outOrderNo":"temp_order_1759981697035","totalAmount":2,"payExpireSeconds":300,"payNotifyUrl":"https://beta.bolink.club/unionapi/douyin/notify","merchantUid":"75542533284907768660","orderEntrySchema":{"path":"subpackages/airport-parking/order-detail/index","params":"{\"orderId\":\"temp_order_1759981697035\",\"fromPayment\":\"true\"}"},"limitPayWayList":[]}
2025-10-09 13:51:19.716 [main] INFO  com.douyin.util.DouyinPayUtil:62 - 生成的byteAuthorization: SHA256-RSA2048 appid=tta5f4d3493af8920701,nonce_str=3d951ffc9b8541d8a88cce67c89a6d4c,timestamp=1759989079,key_version=1,signature=G7q/KvsuXCSxbD5evGS6kiHf1XdUuUVZ5hL9+0YGE4IcLO7d45kp5aSgCjNhwvCg7VF6Pxh5AbXM7376XNLJmk5hecuLVbycVlSTjy2nnqY4S7Dj91jyZzlbsZ7z0sXdw/KHZsPlAVmHyvhLAkvcEDKbrvJfr69f4rmq2B8vo6GnZ7RlghfcCfhpGGU+T3fmE4+oEucY8+fvWB5/cleWLDhZOHl3cDdf/l4pkkyaUFKDRsVtkMw9+7lbvpGSxZtpJwd1/sHkwMQqBFNET98sPe2mfgIWe9OzcDA4M1mEGC5LZm9XtOg3nHiNckvbfOp6YUb2ilI0rx0bEuReev7YlQ==
2025-10-09 14:29:02.471 [main] INFO  com.douyin.util.DouyinPayUtil:35 - 生成的data参数: {"skuList":[{"skuId":"temp_order_1759981697035","price":2,"quantity":1,"title":"曾天劭自动化进件1753340831","imageList":["https://image.bolink.com/yima/parking-icon.png"],"type":301,"tagGroupId":"parking_service"}],"outOrderNo":"temp_order_1759981697035","totalAmount":2,"payExpireSeconds":300,"payNotifyUrl":"https://beta.bolink.club/unionapi/douyin/notify","merchantUid":"75542533284907768660","orderEntrySchema":{"path":"subpackages/airport-parking/order-detail/index","params":"{\"orderId\":\"temp_order_1759981697035\",\"fromPayment\":\"true\"}"},"limitPayWayList":[]}
2025-10-09 14:29:39.439 [main] INFO  com.douyin.util.DouyinPayUtil:62 - 生成的byteAuthorization: SHA256-RSA2048 appid=tta5f4d3493af8920701,nonce_str=10f4bd0eb698455ebad1cac88bb0ff8c,timestamp=1759991342,key_version=1,signature=dfO85Pfws3YOfMecklVb54YSAsFI/s6z0dncFvRGj/yX9nuu+6CT9EEqsXKcnDqShH+T9OfyRpLOLvF6/u3W7CV7oma8CcA1lKFisV1SfvcebJ9H2t89BGezOn65kzZkxQMHlZex0zLqNjh+2xle6IPqlxR2AThuQCQMIzy6c/+s7hV9r0IyKubP1HYDSlbK+gmL1g/Hup8dn/BCojnT9KRBjeIsGSVe1edvGkrsqHsTWBkp+r8kGijQgyXqodsrJpmdBTy6R2IXS2RjOGb5hhxPQ0dL28LQB93uobss2GIrsFZz97IvD3HgbSPRN4Gt4TfdpAn9Gcj5ed8zy5rQfw==
2025-10-09 14:29:54.907 [main] INFO  com.douyin.util.DouyinPayUtil:35 - 生成的data参数: {"skuList":[{"skuId":"temp_order_1759981697035","price":2,"quantity":1,"title":"曾天劭自动化进件1753340831","imageList":["https://image.bolink.com/yima/parking-icon.png"],"type":301,"tagGroupId":"parking_service"}],"outOrderNo":"temp_order_1759981697035","totalAmount":2,"payExpireSeconds":300,"payNotifyUrl":"https://beta.bolink.club/unionapi/douyin/notify","merchantUid":"75542533284907768660","orderEntrySchema":{"path":"subpackages/airport-parking/order-detail/index","params":"{\"orderId\":\"temp_order_1759981697035\",\"fromPayment\":\"true\"}"},"limitPayWayList":[]}
2025-10-09 14:30:36.380 [main] INFO  com.douyin.util.DouyinPayUtil:62 - 生成的byteAuthorization: SHA256-RSA2048 appid=tta5f4d3493af8920701,nonce_str=1ebfc6f692c34788a6c343cb0e1930e4,timestamp=1759991394,key_version=1,signature=e8JUwKMHyFvBFA6ZVrYW5M0VCL6I6Wj17ajy26A8jdk2LoSe3CMeKBQRkUfk4ihdye0mSOn3w082rGkFpWwT/5KRmOtuwPCVMlQWHFL5NA7Z/p3cU9Mgopf2+HeK3bH9+7jzZrQ2EXFSYSyMGcpP/Z6INoVteQet2zDR4kfHtJRAQSh5OTwnPTBDT1f5Rg7yZCR7PO3POsnkmPIV7B3F5fYn5dsDYjz4ezWt6Z62cXtZyJBDpmacSY+RqPTNQokZD2HLK5MJiTnC/YbvWEK9rYGn1508qvB3z1CPV8YxETK2iBmrWwKMZPLk/MZ3HxgJdlhaETsOZ784m9mC8GxUYQ==
2025-10-09 14:30:38.096 [main] INFO  com.douyin.util.DouyinPayUtil:35 - 生成的data参数: {"skuList":[{"skuId":"temp_order_1759981697035","price":2,"quantity":1,"title":"曾天劭自动化进件1753340831","imageList":["https://image.bolink.com/yima/parking-icon.png"],"type":301,"tagGroupId":"parking_service"}],"outOrderNo":"temp_order_1759981697035","totalAmount":2,"payExpireSeconds":300,"payNotifyUrl":"https://beta.bolink.club/unionapi/douyin/notify","merchantUid":"75542533284907768660","orderEntrySchema":{"path":"subpackages/airport-parking/order-detail/index","params":"{\"orderId\":\"temp_order_1759981697035\",\"fromPayment\":\"true\"}"},"limitPayWayList":[]}
2025-10-09 14:31:00.684 [main] INFO  com.douyin.util.DouyinPayUtil:62 - 生成的byteAuthorization: SHA256-RSA2048 appid=tta5f4d3493af8920701,nonce_str=bf1e0b5fbe5644929722271aadf6526a,timestamp=1759991438,key_version=1,signature=j0JxJWUumrvG13T0FT+mam84WVrLyK0DsFZ4cX5PYP5boiwsXK2HdD6UekEMoXiOMSVmLnjEsmxEsq1WOFUeJiJJLoaZ5RrJQRxqVDvIdc64mdRwh4cJSwVDjPrjgdLMwn397KLiR0D/pO169oq4tiN7z+7P0Ey9YhJWK4/mAIpk0o/j5OKWyJzcl7FLlJxGft93TWLK23S/5yWw0pUhWGD/azwah5L0HVLLt8pdzEiqeK7DNJf6puWh6V2AAFzdVQnaJDApX9RsN9AEYXDfZCN10OAo7VhW+lJAgKAT/77tHINvDDs/H6gCsYb/A2B5qRoaiJmqrUF/TwfXKCYFNA==
2025-10-09 14:31:02.265 [main] INFO  com.douyin.util.DouyinPayUtil:35 - 生成的data参数: {"skuList":[{"skuId":"temp_order_1759981697035","price":2,"quantity":1,"title":"曾天劭自动化进件1753340831","imageList":["https://image.bolink.com/yima/parking-icon.png"],"type":301,"tagGroupId":"parking_service"}],"outOrderNo":"temp_order_1759981697035","totalAmount":2,"payExpireSeconds":300,"payNotifyUrl":"https://beta.bolink.club/unionapi/douyin/notify","merchantUid":"75542533284907768660","orderEntrySchema":{"path":"subpackages/airport-parking/order-detail/index","params":"{\"orderId\":\"temp_order_1759981697035\",\"fromPayment\":\"true\"}"},"limitPayWayList":[]}
2025-10-09 14:32:11.234 [main] INFO  com.douyin.util.DouyinPayUtil:62 - 生成的byteAuthorization: SHA256-RSA2048 appid=tta5f4d3493af8920701,nonce_str=12847b7a9fb24be5bcf63822f09ab12e,timestamp=1759991462,key_version=1,signature=ZIfrl/p3QAsu3Q7WdegSGoyCT2z0G2gj2HWhmR4kzJ+WJsBJxW98xkd6rm6hw2WecvZ2AU4tbRW7EFksJRlYDy1imJ4NRywu3xFr05XyQrFjtYIxCEUfFFIzUNmRtKdz5lJQYhYmcSlvj5HZM55kAv98tXtH31UfRqt3W6HjlV17zsjuh9zq1B6ii8fODZJEEPGr5FVPTseiyXaKDmAXQZe/slM6qvQy6wh5MRNtK4VHCB4gO4tNKk6tyaXw17taqFsgGH1iodB0SRh0t9mEkgx3UbJZs5NjTvBsuCwti2p58e004eiIzX9zupRX2GDTFgRoq2DBQkCq+aJbPep93g==
2025-10-09 14:32:13.175 [main] INFO  com.douyin.util.DouyinPayUtil:35 - 生成的data参数: {"skuList":[{"skuId":"temp_order_1759981697035","price":2,"quantity":1,"title":"曾天劭自动化进件1753340831","imageList":["https://image.bolink.com/yima/parking-icon.png"],"type":301,"tagGroupId":"parking_service"}],"outOrderNo":"temp_order_1759981697035","totalAmount":2,"payExpireSeconds":300,"payNotifyUrl":"https://beta.bolink.club/unionapi/douyin/notify","merchantUid":"75542533284907768660","orderEntrySchema":{"path":"subpackages/airport-parking/order-detail/index","params":"{\"orderId\":\"temp_order_1759981697035\",\"fromPayment\":\"true\"}"},"limitPayWayList":[]}
2025-10-09 14:32:13.190 [main] ERROR com.douyin.util.DouyinSignUtil:110 - 转换私钥失败
java.lang.IllegalArgumentException: Illegal base64 character 2d
	at java.util.Base64$Decoder.decode0(Base64.java:714)
	at java.util.Base64$Decoder.decode(Base64.java:526)
	at java.util.Base64$Decoder.decode(Base64.java:549)
	at com.douyin.util.DouyinSignUtil.string2PrivateKey(DouyinSignUtil.java:101)
	at com.douyin.util.DouyinSignUtil.generateSignature(DouyinSignUtil.java:60)
	at com.douyin.util.DouyinPayUtil.generateOrderSignature(DouyinPayUtil.java:44)
	at com.douyin.DouyinOrderDemo.main(DouyinOrderDemo.java:28)
2025-10-09 14:32:13.190 [main] ERROR com.douyin.util.DouyinSignUtil:66 - 生成签名失败
java.lang.RuntimeException: 转换私钥失败
	at com.douyin.util.DouyinSignUtil.string2PrivateKey(DouyinSignUtil.java:111)
	at com.douyin.util.DouyinSignUtil.generateSignature(DouyinSignUtil.java:60)
	at com.douyin.util.DouyinPayUtil.generateOrderSignature(DouyinPayUtil.java:44)
	at com.douyin.DouyinOrderDemo.main(DouyinOrderDemo.java:28)
Caused by: java.lang.IllegalArgumentException: Illegal base64 character 2d
	at java.util.Base64$Decoder.decode0(Base64.java:714)
	at java.util.Base64$Decoder.decode(Base64.java:526)
	at java.util.Base64$Decoder.decode(Base64.java:549)
	at com.douyin.util.DouyinSignUtil.string2PrivateKey(DouyinSignUtil.java:101)
	... 3 common frames omitted
2025-10-09 14:32:13.190 [main] ERROR com.douyin.util.DouyinPayUtil:66 - 生成抖音下单签名失败
java.lang.RuntimeException: 生成签名失败
	at com.douyin.util.DouyinSignUtil.generateSignature(DouyinSignUtil.java:67)
	at com.douyin.util.DouyinPayUtil.generateOrderSignature(DouyinPayUtil.java:44)
	at com.douyin.DouyinOrderDemo.main(DouyinOrderDemo.java:28)
Caused by: java.lang.RuntimeException: 转换私钥失败
	at com.douyin.util.DouyinSignUtil.string2PrivateKey(DouyinSignUtil.java:111)
	at com.douyin.util.DouyinSignUtil.generateSignature(DouyinSignUtil.java:60)
	... 2 common frames omitted
Caused by: java.lang.IllegalArgumentException: Illegal base64 character 2d
	at java.util.Base64$Decoder.decode0(Base64.java:714)
	at java.util.Base64$Decoder.decode(Base64.java:526)
	at java.util.Base64$Decoder.decode(Base64.java:549)
	at com.douyin.util.DouyinSignUtil.string2PrivateKey(DouyinSignUtil.java:101)
	... 3 common frames omitted
2025-10-09 14:32:28.929 [main] INFO  com.douyin.util.DouyinPayUtil:35 - 生成的data参数: {"skuList":[{"skuId":"temp_order_1759981697035","price":2,"quantity":1,"title":"曾天劭自动化进件1753340831","imageList":["https://image.bolink.com/yima/parking-icon.png"],"type":301,"tagGroupId":"parking_service"}],"outOrderNo":"temp_order_1759981697035","totalAmount":2,"payExpireSeconds":300,"payNotifyUrl":"https://beta.bolink.club/unionapi/douyin/notify","merchantUid":"75542533284907768660","orderEntrySchema":{"path":"subpackages/airport-parking/order-detail/index","params":"{\"orderId\":\"temp_order_1759981697035\",\"fromPayment\":\"true\"}"},"limitPayWayList":[]}
2025-10-09 14:32:28.944 [main] ERROR com.douyin.util.DouyinSignUtil:110 - 转换私钥失败
java.lang.IllegalArgumentException: Illegal base64 character 2d
	at java.util.Base64$Decoder.decode0(Base64.java:714)
	at java.util.Base64$Decoder.decode(Base64.java:526)
	at java.util.Base64$Decoder.decode(Base64.java:549)
	at com.douyin.util.DouyinSignUtil.string2PrivateKey(DouyinSignUtil.java:101)
	at com.douyin.util.DouyinSignUtil.generateSignature(DouyinSignUtil.java:60)
	at com.douyin.util.DouyinPayUtil.generateOrderSignature(DouyinPayUtil.java:44)
	at com.douyin.DouyinOrderDemo.main(DouyinOrderDemo.java:28)
2025-10-09 14:32:28.945 [main] ERROR com.douyin.util.DouyinSignUtil:66 - 生成签名失败
java.lang.RuntimeException: 转换私钥失败
	at com.douyin.util.DouyinSignUtil.string2PrivateKey(DouyinSignUtil.java:111)
	at com.douyin.util.DouyinSignUtil.generateSignature(DouyinSignUtil.java:60)
	at com.douyin.util.DouyinPayUtil.generateOrderSignature(DouyinPayUtil.java:44)
	at com.douyin.DouyinOrderDemo.main(DouyinOrderDemo.java:28)
Caused by: java.lang.IllegalArgumentException: Illegal base64 character 2d
	at java.util.Base64$Decoder.decode0(Base64.java:714)
	at java.util.Base64$Decoder.decode(Base64.java:526)
	at java.util.Base64$Decoder.decode(Base64.java:549)
	at com.douyin.util.DouyinSignUtil.string2PrivateKey(DouyinSignUtil.java:101)
	... 3 common frames omitted
2025-10-09 14:32:28.945 [main] ERROR com.douyin.util.DouyinPayUtil:66 - 生成抖音下单签名失败
java.lang.RuntimeException: 生成签名失败
	at com.douyin.util.DouyinSignUtil.generateSignature(DouyinSignUtil.java:67)
	at com.douyin.util.DouyinPayUtil.generateOrderSignature(DouyinPayUtil.java:44)
	at com.douyin.DouyinOrderDemo.main(DouyinOrderDemo.java:28)
Caused by: java.lang.RuntimeException: 转换私钥失败
	at com.douyin.util.DouyinSignUtil.string2PrivateKey(DouyinSignUtil.java:111)
	at com.douyin.util.DouyinSignUtil.generateSignature(DouyinSignUtil.java:60)
	... 2 common frames omitted
Caused by: java.lang.IllegalArgumentException: Illegal base64 character 2d
	at java.util.Base64$Decoder.decode0(Base64.java:714)
	at java.util.Base64$Decoder.decode(Base64.java:526)
	at java.util.Base64$Decoder.decode(Base64.java:549)
	at com.douyin.util.DouyinSignUtil.string2PrivateKey(DouyinSignUtil.java:101)
	... 3 common frames omitted
2025-10-09 14:32:45.895 [main] INFO  com.douyin.util.DouyinPayUtil:35 - 生成的data参数: {"skuList":[{"skuId":"temp_order_1759981697035","price":2,"quantity":1,"title":"曾天劭自动化进件1753340831","imageList":["https://image.bolink.com/yima/parking-icon.png"],"type":301,"tagGroupId":"parking_service"}],"outOrderNo":"temp_order_1759981697035","totalAmount":2,"payExpireSeconds":300,"payNotifyUrl":"https://beta.bolink.club/unionapi/douyin/notify","merchantUid":"75542533284907768660","orderEntrySchema":{"path":"subpackages/airport-parking/order-detail/index","params":"{\"orderId\":\"temp_order_1759981697035\",\"fromPayment\":\"true\"}"},"limitPayWayList":[]}
2025-10-09 14:32:45.910 [main] ERROR com.douyin.util.DouyinSignUtil:110 - 转换私钥失败
java.lang.IllegalArgumentException: Illegal base64 character 2d
	at java.util.Base64$Decoder.decode0(Base64.java:714)
	at java.util.Base64$Decoder.decode(Base64.java:526)
	at java.util.Base64$Decoder.decode(Base64.java:549)
	at com.douyin.util.DouyinSignUtil.string2PrivateKey(DouyinSignUtil.java:101)
	at com.douyin.util.DouyinSignUtil.generateSignature(DouyinSignUtil.java:60)
	at com.douyin.util.DouyinPayUtil.generateOrderSignature(DouyinPayUtil.java:44)
	at com.douyin.DouyinOrderDemo.main(DouyinOrderDemo.java:28)
2025-10-09 14:32:45.910 [main] ERROR com.douyin.util.DouyinSignUtil:66 - 生成签名失败
java.lang.RuntimeException: 转换私钥失败
	at com.douyin.util.DouyinSignUtil.string2PrivateKey(DouyinSignUtil.java:111)
	at com.douyin.util.DouyinSignUtil.generateSignature(DouyinSignUtil.java:60)
	at com.douyin.util.DouyinPayUtil.generateOrderSignature(DouyinPayUtil.java:44)
	at com.douyin.DouyinOrderDemo.main(DouyinOrderDemo.java:28)
Caused by: java.lang.IllegalArgumentException: Illegal base64 character 2d
	at java.util.Base64$Decoder.decode0(Base64.java:714)
	at java.util.Base64$Decoder.decode(Base64.java:526)
	at java.util.Base64$Decoder.decode(Base64.java:549)
	at com.douyin.util.DouyinSignUtil.string2PrivateKey(DouyinSignUtil.java:101)
	... 3 common frames omitted
2025-10-09 14:32:45.910 [main] ERROR com.douyin.util.DouyinPayUtil:66 - 生成抖音下单签名失败
java.lang.RuntimeException: 生成签名失败
	at com.douyin.util.DouyinSignUtil.generateSignature(DouyinSignUtil.java:67)
	at com.douyin.util.DouyinPayUtil.generateOrderSignature(DouyinPayUtil.java:44)
	at com.douyin.DouyinOrderDemo.main(DouyinOrderDemo.java:28)
Caused by: java.lang.RuntimeException: 转换私钥失败
	at com.douyin.util.DouyinSignUtil.string2PrivateKey(DouyinSignUtil.java:111)
	at com.douyin.util.DouyinSignUtil.generateSignature(DouyinSignUtil.java:60)
	... 2 common frames omitted
Caused by: java.lang.IllegalArgumentException: Illegal base64 character 2d
	at java.util.Base64$Decoder.decode0(Base64.java:714)
	at java.util.Base64$Decoder.decode(Base64.java:526)
	at java.util.Base64$Decoder.decode(Base64.java:549)
	at com.douyin.util.DouyinSignUtil.string2PrivateKey(DouyinSignUtil.java:101)
	... 3 common frames omitted
2025-10-09 14:32:59.658 [main] INFO  com.douyin.util.DouyinPayUtil:35 - 生成的data参数: {"skuList":[{"skuId":"temp_order_1759981697035","price":2,"quantity":1,"title":"曾天劭自动化进件1753340831","imageList":["https://image.bolink.com/yima/parking-icon.png"],"type":301,"tagGroupId":"parking_service"}],"outOrderNo":"temp_order_1759981697035","totalAmount":2,"payExpireSeconds":300,"payNotifyUrl":"https://beta.bolink.club/unionapi/douyin/notify","merchantUid":"75542533284907768660","orderEntrySchema":{"path":"subpackages/airport-parking/order-detail/index","params":"{\"orderId\":\"temp_order_1759981697035\",\"fromPayment\":\"true\"}"},"limitPayWayList":[]}
2025-10-09 14:33:23.294 [main] INFO  com.douyin.util.DouyinPayUtil:62 - 生成的byteAuthorization: SHA256-RSA2048 appid=tta5f4d3493af8920701,nonce_str=d3755dc6b81645a783669b8746ec41a3,timestamp=1759991579,key_version=1,signature=WU+0Uzq+0N7Dq54M0Iqx9BL+KshqKt7fcMm/wW84AQ9RV262OULZje2G3cAiz3wpGBV5ZBo23cguVXSHBlORAdBE+d07Ngyaf74SdmdQHGDh3QEPsqHLtBRFfrb4Pg0H2hwuBiJECu7/4h5SpiwEdiCSj2Ry1EdzlKikXqVPKUciE2gD9NCic52eUux67BKpNFbrz4H97UNXH93hrZ3nF9xyttESpZ7mARgZEeGBIRcXnMrAJfBbKn+3BSyLoa0wP7EO8/+IksLpIXW1ywGjTY0weKfpTfM+rNv/xXmbE3E+L7d1ixfEYi96iF9FTR6ma7miRN6wyEHrWJZkXaHKbg==
2025-10-09 14:33:24.866 [main] INFO  com.douyin.util.DouyinPayUtil:35 - 生成的data参数: {"skuList":[{"skuId":"temp_order_1759981697035","price":2,"quantity":1,"title":"曾天劭自动化进件1753340831","imageList":["https://image.bolink.com/yima/parking-icon.png"],"type":301,"tagGroupId":"parking_service"}],"outOrderNo":"temp_order_1759981697035","totalAmount":2,"payExpireSeconds":300,"payNotifyUrl":"https://beta.bolink.club/unionapi/douyin/notify","merchantUid":"75542533284907768660","orderEntrySchema":{"path":"subpackages/airport-parking/order-detail/index","params":"{\"orderId\":\"temp_order_1759981697035\",\"fromPayment\":\"true\"}"},"limitPayWayList":[]}
2025-10-09 14:34:20.691 [main] INFO  com.douyin.util.DouyinPayUtil:62 - 生成的byteAuthorization: SHA256-RSA2048 appid=tta5f4d3493af8920701,nonce_str=edca0b7d674544e98200feea6cff5ccd,timestamp=1759991604,key_version=1,signature=hye1ScosDd1RfPn0q+iDxy1uINbF/kmITkHdpXUY/ZuPR8U5AZ9pzMBqUsZThh0ZjW0Y723HmCOrk7rEYsaP0ZEsRNz2QYkcWFafpWYvfQ3m8iAdKc1GRxO2sdnMV0LmT92uAySbxik9r4iQ7PLgdwtH0fwf68ePA/ZQuIbF8rCOILynjRkLpfhfYPVw+pxOGr3Jh7V+6CGrRvDCp5m77tiOGYsS/EgAQs4zsXTrbUp35DNH2nkQy8C7uibYck+L9eB83H+YA1JSvxjaJu2Qrd7+LYxcM4VP2j7lI+vUIjile+EXUNl6A8Zr0FehA1maylb0Qf6RIdKeBztu09rejw==
2025-10-09 14:36:46.918 [main] INFO  com.douyin.util.DouyinPayUtil:35 - 生成的data参数: {"skuList":[{"skuId":"temp_order_1759981697035","price":2,"quantity":1,"title":"曾天劭自动化进件1753340831","imageList":["https://image.bolink.com/yima/parking-icon.png"],"type":301,"tagGroupId":"parking_service"}],"outOrderNo":"temp_order_1759981697035","totalAmount":2,"payExpireSeconds":300,"payNotifyUrl":"https://beta.bolink.club/unionapi/douyin/notify","merchantUid":"75542533284907768660","orderEntrySchema":{"path":"subpackages/airport-parking/order-detail/index","params":"{\"orderId\":\"temp_order_1759981697035\",\"fromPayment\":\"true\"}"},"limitPayWayList":[]}
2025-10-09 14:37:55.115 [main] INFO  com.douyin.util.DouyinPayUtil:62 - 生成的byteAuthorization: SHA256-RSA2048 appid=tta5f4d3493af8920701,nonce_str=10c3087e7d6a4ee8bceb486165740f8d,timestamp=1759991806,key_version=1,signature=Nhzvk6ghh12KhRsB7F7ODEhKUAvVZiIDu9AvOB/AAUoMVPDDZJfCgJbrRIIdSX4hcw2MxBWR25jTFXoqXZaXlTwDEFzxOC/EIGO1lmxSMSzk5fKaeruIccjVmrTAORbU0/RaxS28UWU9bU6BTsP02YwSoD8oSRNUVUiokdVEsH1ggSZjtzlf/jt8uQODCmzy9RgmzBinIWYtKo9z9vWtIbE1X63qOqjR5eASgkNhulkb9HZOS/yAweeJiP6nS+KtvCRmzLmSe7gZGEIWWKvKxuygXuc8IsU+HWZoBpWjqZ26mwc8se60oIv+LOua9xTQjtpqY7z2vRFtDTsEGU4Z7w==
2025-10-09 14:37:56.921 [main] INFO  com.douyin.util.DouyinPayUtil:35 - 生成的data参数: {"skuList":[{"skuId":"temp_order_1759981697035","price":2,"quantity":1,"title":"曾天劭自动化进件1753340831","imageList":["https://image.bolink.com/yima/parking-icon.png"],"type":301,"tagGroupId":"parking_service"}],"outOrderNo":"temp_order_1759981697035","totalAmount":2,"payExpireSeconds":300,"payNotifyUrl":"https://beta.bolink.club/unionapi/douyin/notify","merchantUid":"75542533284907768660","orderEntrySchema":{"path":"subpackages/airport-parking/order-detail/index","params":"{\"orderId\":\"temp_order_1759981697035\",\"fromPayment\":\"true\"}"},"limitPayWayList":[]}
2025-10-09 14:37:56.935 [main] ERROR com.douyin.util.DouyinSignUtil:110 - 转换私钥失败
java.lang.IllegalArgumentException: Illegal base64 character 2d
	at java.util.Base64$Decoder.decode0(Base64.java:714)
	at java.util.Base64$Decoder.decode(Base64.java:526)
	at java.util.Base64$Decoder.decode(Base64.java:549)
	at com.douyin.util.DouyinSignUtil.string2PrivateKey(DouyinSignUtil.java:101)
	at com.douyin.util.DouyinSignUtil.generateSignature(DouyinSignUtil.java:60)
	at com.douyin.util.DouyinPayUtil.generateOrderSignature(DouyinPayUtil.java:44)
	at com.douyin.DouyinOrderDemo.main(DouyinOrderDemo.java:28)
2025-10-09 14:37:56.936 [main] ERROR com.douyin.util.DouyinSignUtil:66 - 生成签名失败
java.lang.RuntimeException: 转换私钥失败
	at com.douyin.util.DouyinSignUtil.string2PrivateKey(DouyinSignUtil.java:111)
	at com.douyin.util.DouyinSignUtil.generateSignature(DouyinSignUtil.java:60)
	at com.douyin.util.DouyinPayUtil.generateOrderSignature(DouyinPayUtil.java:44)
	at com.douyin.DouyinOrderDemo.main(DouyinOrderDemo.java:28)
Caused by: java.lang.IllegalArgumentException: Illegal base64 character 2d
	at java.util.Base64$Decoder.decode0(Base64.java:714)
	at java.util.Base64$Decoder.decode(Base64.java:526)
	at java.util.Base64$Decoder.decode(Base64.java:549)
	at com.douyin.util.DouyinSignUtil.string2PrivateKey(DouyinSignUtil.java:101)
	... 3 common frames omitted
2025-10-09 14:37:56.936 [main] ERROR com.douyin.util.DouyinPayUtil:66 - 生成抖音下单签名失败
java.lang.RuntimeException: 生成签名失败
	at com.douyin.util.DouyinSignUtil.generateSignature(DouyinSignUtil.java:67)
	at com.douyin.util.DouyinPayUtil.generateOrderSignature(DouyinPayUtil.java:44)
	at com.douyin.DouyinOrderDemo.main(DouyinOrderDemo.java:28)
Caused by: java.lang.RuntimeException: 转换私钥失败
	at com.douyin.util.DouyinSignUtil.string2PrivateKey(DouyinSignUtil.java:111)
	at com.douyin.util.DouyinSignUtil.generateSignature(DouyinSignUtil.java:60)
	... 2 common frames omitted
Caused by: java.lang.IllegalArgumentException: Illegal base64 character 2d
	at java.util.Base64$Decoder.decode0(Base64.java:714)
	at java.util.Base64$Decoder.decode(Base64.java:526)
	at java.util.Base64$Decoder.decode(Base64.java:549)
	at com.douyin.util.DouyinSignUtil.string2PrivateKey(DouyinSignUtil.java:101)
	... 3 common frames omitted
2025-10-09 14:38:18.755 [main] INFO  com.douyin.util.DouyinPayUtil:35 - 生成的data参数: {"skuList":[{"skuId":"temp_order_1759981697035","price":2,"quantity":1,"title":"曾天劭自动化进件1753340831","imageList":["https://image.bolink.com/yima/parking-icon.png"],"type":301,"tagGroupId":"parking_service"}],"outOrderNo":"temp_order_1759981697035","totalAmount":2,"payExpireSeconds":300,"payNotifyUrl":"https://beta.bolink.club/unionapi/douyin/notify","merchantUid":"75542533284907768660","orderEntrySchema":{"path":"subpackages/airport-parking/order-detail/index","params":"{\"orderId\":\"temp_order_1759981697035\",\"fromPayment\":\"true\"}"},"limitPayWayList":[]}
2025-10-09 14:38:18.787 [main] INFO  com.douyin.util.DouyinPayUtil:62 - 生成的byteAuthorization: SHA256-RSA2048 appid=tta5f4d3493af8920701,nonce_str=afd1ca0fb1c64e978015810c39fd2605,timestamp=1759991898,key_version=1,signature=Tf839FxrWcnaPJXqS526qc3ezHGPiBOk8dK4RLHYl39op55tgbSo1XEVBwWl0A46TaCk9/gS7+/oK0WKWbfFnhQNvQgC8mTQDbfpqJtLaIc044MIh1JEkTmDJWouenL0WNbEG4VbRPNw+mlUYNRBbTWAFPPw/oOZA9zfWx+LcL1ZLsRrZECV98ahJkSQ/rpc2DSgUqldjuRNMWA+vMIqjviD7lVLMCLpaezApxZMu92vppomHftGpevpc+OIJYl5ugEmhY6mgaU60dts/+EHd6z8SMq7rULyIHYuMzKfDxSpxtBSajGMAR8s23Hzvwyz28qbhKFwRGX031LOXh1NfA==
2025-10-09 14:52:41.834 [main] INFO  com.douyin.util.DouyinPayUtil:35 - 生成的data参数: {"skuList":[{"skuId":"temp_order_1759981697035","price":2,"quantity":1,"title":"曾天劭自动化进件1753340831","imageList":["https://image.bolink.com/yima/parking-icon.png"],"type":301,"tagGroupId":"parking_service"}],"outOrderNo":"temp_order_1759981697035","totalAmount":2,"payExpireSeconds":300,"payNotifyUrl":"https://beta.bolink.club/unionapi/douyin/notify","merchantUid":"75542533284907768660","orderEntrySchema":{"path":"subpackages/airport-parking/order-detail/index","params":"{\"orderId\":\"temp_order_1759981697035\",\"fromPayment\":\"true\"}"},"limitPayWayList":[]}
2025-10-09 14:52:41.866 [main] INFO  com.douyin.util.DouyinPayUtil:62 - 生成的byteAuthorization: SHA256-RSA2048 appid=tta5f4d3493af8920701,nonce_str=a70991e402ad4eee8c38b066513b078b,timestamp=1759992761,key_version=1,signature=K5aHn+D16VWZfDfwJx/EzKST3LIMc7gPyi4jeCBJhVsN5PR1Gb14yxeTSJ3s7Z14fTUz3apsOUTM780KuDaiJ6/JWmHo0T49i0H4ae13cy8lWL8qW0yOgm8GWeS4j3WGK1j4hdLHM6j9HnNvcFsWNhDg2Bu8t4m59KooWj8nq44PsXHMLtKzsUGGiJ20IKWwGUuJ8cFtJvQxWYHqt31HUhzrO+iTq3SXzwe7TRHq4AnMryuR5pFVdspLf9fWKwgXY6+9UYFFHmU1KDyvvgjVk1QiE+jwy63bNQvRnQkTHQ0hqA4WK8bK/+Vy++yhnse8KhqoYPNXdciFjLx6eA55Sg==
2025-10-09 15:16:01.035 [main] INFO  com.douyin.util.DouyinPayUtil:35 - 生成的data参数: {"skuList":[{"skuId":"temp_order_1759981697035","price":2,"quantity":1,"title":"曾天劭自动化进件1753340831","imageList":["https://image.bolink.com/yima/parking-icon.png"],"type":301,"tagGroupId":"parking_service"}],"outOrderNo":"temp_order_1759981697035","totalAmount":2,"payExpireSeconds":300,"payNotifyUrl":"https://beta.bolink.club/unionapi/douyin/notify","merchantUid":"75542533284907768660","orderEntrySchema":{"path":"subpackages/airport-parking/order-detail/index","params":"{\"orderId\":\"temp_order_1759981697035\",\"fromPayment\":\"true\"}"},"limitPayWayList":[]}
2025-10-09 15:16:01.073 [main] INFO  com.douyin.util.DouyinPayUtil:62 - 生成的byteAuthorization: SHA256-RSA2048 appid=tta5f4d3493af8920701,nonce_str=0930eea67ec74b9f815d6b1de97976ed,timestamp=1759994161,key_version=1,signature=XhGU7XjEafSXmb0ZSw9mCXZOSJuiRuKWIISG4dFfW1om5t3y59m3kt2MT+6UePWHwMzLUZOGoC8EyQgH5p9fsZtOHQJUEMuDSHlgFZbPnOaLDrHW/C0KUSdQYbYTy2d+4zxL5KBpi30EgK6s9LorSafi0O582WhZAbqMOQjwrslGYD1xyHI/vRnK22UCQXbGrigY4eGuB3Nh9pWi451MiLxDPxxLVSvYYWGWKU6kuG6ERqs1I5b18s06UocZ09iTWy3LbUnerpC2iu0OGScD61dK+X1SQRNSoNt5Fz8vO3aSjIZG8XEeJpB+Dx1HFMDVan4eNdc2RIYJt71E1ThRPA==
2025-10-09 15:28:13.981 [main] INFO  com.douyin.util.DouyinPayUtil:35 - 生成的data参数: {"skuList":[{"skuId":"temp_order_1759981697035","price":2,"quantity":1,"title":"曾天劭自动化进件1753340831","imageList":["https://image.bolink.com/yima/parking-icon.png"],"type":301,"tagGroupId":"parking_service"}],"outOrderNo":"temp_order_1759981697035","totalAmount":2,"payExpireSeconds":300,"payNotifyUrl":"https://beta.bolink.club/unionapi/douyin/notify","merchantUid":"75542533284907768660","orderEntrySchema":{"path":"subpackages/airport-parking/order-detail/index","params":"{\"orderId\":\"temp_order_1759981697035\",\"fromPayment\":\"true\"}"},"limitPayWayList":[]}
2025-10-09 15:28:14.012 [main] INFO  com.douyin.util.DouyinPayUtil:62 - 生成的byteAuthorization: SHA256-RSA2048 appid=tta5f4d3493af8920701,nonce_str=526bfd6990f7466a8c8ce93c52698539,timestamp=1759994893,key_version=1,signature=rT1W0y6z2rzh9jwMzBC8CEvQfMrp/hn5/aX2rUsjUBXDKtHHrHGwfQDes36ODJWktB3834AnrZnSITq93Q9gjIBmEP5NMM9q6PkhLchmR+xkqvt/us+v4nRYqzAnNGPlyqvt6ZwZjoOpRbKn0zuLppGi7UssA1ihwZoiGMC3mTz8I9J7XoC7TCD9A94AmJKuQgdny/yuIaQL6Dmlbudy+MfYi9mGCv39WfkB845OMfzHwwpioDZ2yBNv4yyfTXr3zuUwvnN9zaZv/MOhNXORP/vRZJrer5TYSf87VyrhWmB3bhPx0QQaasy79RY5TZquFc/eP3D05OC1HPKPORiz+A==
2025-10-09 15:30:29.121 [main] INFO  com.douyin.util.DouyinPayUtil:35 - 生成的data参数: {"skuList":[{"skuId":"temp_order_1759981697035","price":2,"quantity":1,"title":"曾天劭自动化进件1753340831","imageList":["https://image.bolink.com/yima/parking-icon.png"],"type":301,"tagGroupId":"parking_service"}],"outOrderNo":"temp_order_1759981697035","totalAmount":2,"payExpireSeconds":300,"payNotifyUrl":"https://beta.bolink.club/unionapi/douyin/notify","merchantUid":"75542533284907768660","orderEntrySchema":{"path":"subpackages/airport-parking/order-detail/index","params":"{\"orderId\":\"temp_order_1759981697035\",\"fromPayment\":\"true\"}"},"limitPayWayList":[]}
2025-10-09 15:30:29.155 [main] INFO  com.douyin.util.DouyinPayUtil:62 - 生成的byteAuthorization: SHA256-RSA2048 appid=tta5f4d3493af8920701,nonce_str=09eb0ca0ca1f42e19287dfed6dadd1c8,timestamp=1759995029,key_version=1,signature=PyUrn5HFC5BuRwbK86wczLBf7u0iTjZ1UnJLInp+2utUH3HaFXF/MwDzH22MLhhZtt1Ju2kG0eObScZNw2ngTSpW5saHW4IdmkGH8X8SobefrTx/MWSNVuEgPIDsIYLcfbm4Mw6whZstX7o2jx+Z4tqzHAamXZ+7dzEnOcF6HGTYiwHdYyMSr8aBKSO/5dGV/a6pWB7cq8yQjjCb5Ls0awAMR0XYhIPBuaPjnhCbl4VOr6dOeWGrntu6o4lSVCfG3+jeBWedhngNv2gA7Z54fCprqMRJRIiyyqkU14P7RYRptaspWJkhP6YXx2HnuPrEVhNch9WvRLdmtQKfyRCG0Q==
2025-10-09 15:30:45.174 [main] INFO  com.douyin.util.DouyinPayUtil:35 - 生成的data参数: {"skuList":[{"skuId":"temp_order_1759981697035","price":2,"quantity":1,"title":"曾天劭自动化进件1753340831","imageList":["https://image.bolink.com/yima/parking-icon.png"],"type":301,"tagGroupId":"parking_service"}],"outOrderNo":"temp_order_1759981697035","totalAmount":2,"payExpireSeconds":300,"payNotifyUrl":"https://beta.bolink.club/unionapi/douyin/notify","merchantUid":"75542533284907768660","orderEntrySchema":{"path":"subpackages/airport-parking/order-detail/index","params":"{\"orderId\":\"temp_order_1759981697035\",\"fromPayment\":\"true\"}"},"limitPayWayList":[]}
2025-10-09 15:30:45.208 [main] INFO  com.douyin.util.DouyinPayUtil:62 - 生成的byteAuthorization: SHA256-RSA2048 appid=tta5f4d3493af8920701,nonce_str=24a41a1a872d4638992b1a95c4f44452,timestamp=1759995045,key_version=1,signature=IAl14y6B+WodA9Gx+2BZ2mvOwdgsOxLqdDfgHfCLLHgv357n0ADpkmJylJVdG0LyluL3Ma8Ak0bL3hhshS5H1YYsqpM1BO4RHU4RJDmEVYQ+a6SvVU60660ZBsoHDDO6XKpCMc2NbMY0WaCNpQYMipKS+qlLN1FderRcYanfB5crcVBQ97PKbWBS2nuJ02Ah0pfAE4uxHvimyvqYZ83eVBzpt3clz6iMcohIH8iFwlvZh2x+NxRbFjrkaGDdhn3FnVBjBhqNbovERjMmYBmB2UQavURq2X4Nc+S1ndD6GBJLplbMbC8M/kPPGvrSnHZ+cdTevcZcI7fAy0jLtdCcOQ==
2025-10-09 15:34:51.720 [main] INFO  com.douyin.util.DouyinPayUtil:35 - 生成的data参数: {"skuList":[{"skuId":"temp_order_1759981697035","price":2,"quantity":1,"title":"曾天劭自动化进件1753340831","imageList":["https://image.bolink.com/yima/parking-icon.png"],"type":301,"tagGroupId":"parking_service"}],"outOrderNo":"temp_order_1759981697035","totalAmount":2,"payExpireSeconds":300,"payNotifyUrl":"https://beta.bolink.club/unionapi/douyin/notify","merchantUid":"75542533284907768660","orderEntrySchema":{"path":"subpackages/airport-parking/order-detail/index","params":"{\"orderId\":\"temp_order_1759981697035\",\"fromPayment\":\"true\"}"},"limitPayWayList":[]}
2025-10-09 15:35:06.578 [main] INFO  com.douyin.util.DouyinPayUtil:62 - 生成的byteAuthorization: SHA256-RSA2048 appid=tta5f4d3493af8920701,nonce_str=a7cd68148ae44856964fb9475d93a23c,timestamp=1759995291,key_version=1,signature=RsViVvZ0e866sXaRFtWmGzwSaagz+ht+LRxdf2B+THCLS9B3VP06zKJYnPUl9DFJv72/jZNM2vaSf6f/3NLP1CwStPj+84OjxXBUUZtpD9z9RB8EKH4TAWIbQCHXIx0yd7ysOlkYpgyFO0avxzEV73osgyVLrJzWotKSvevQmNPqJoHqhakEMK49lu7sVVm6dWHVPtvbRQK4Gpyendt32hmdnIB7AqhIOTiy3KxGTiooMxg6KiL/37+ttfKbL2udWC4yn/hnwq/+LD+TzG0zG5h+peMpjQmKSg5xbgM6f05IlS0U3EcIZOehQejHr/EpUSbR1TYtcOSMxhefRNpVTg==
2025-10-09 15:41:43.372 [main] INFO  com.douyin.util.DouyinPayUtil:35 - 生成的data参数: {"skuList":[{"skuId":"temp_order_1759981697035","price":2,"quantity":1,"title":"曾天劭自动化进件1753340831","imageList":["https://image.bolink.com/yima/parking-icon.png"],"type":301,"tagGroupId":"parking_service"}],"outOrderNo":"temp_order_1759981697035","totalAmount":2,"payExpireSeconds":300,"payNotifyUrl":"https://beta.bolink.club/unionapi/douyin/notify","merchantUid":"75542533284907768660","orderEntrySchema":{"path":"subpackages/airport-parking/order-detail/index","params":"{\"orderId\":\"temp_order_1759981697035\",\"fromPayment\":\"true\"}"},"limitPayWayList":[]}
2025-10-09 15:41:43.407 [main] INFO  com.douyin.util.DouyinPayUtil:63 - 生成的byteAuthorization: SHA256-RSA2048 appid=tta5f4d3493af8920701,nonce_str=a7cd68148ae44856964fb9475d93a23c,timestamp=1759995291,key_version=1,signature=RsViVvZ0e866sXaRFtWmGzwSaagz+ht+LRxdf2B+THCLS9B3VP06zKJYnPUl9DFJv72/jZNM2vaSf6f/3NLP1CwStPj+84OjxXBUUZtpD9z9RB8EKH4TAWIbQCHXIx0yd7ysOlkYpgyFO0avxzEV73osgyVLrJzWotKSvevQmNPqJoHqhakEMK49lu7sVVm6dWHVPtvbRQK4Gpyendt32hmdnIB7AqhIOTiy3KxGTiooMxg6KiL/37+ttfKbL2udWC4yn/hnwq/+LD+TzG0zG5h+peMpjQmKSg5xbgM6f05IlS0U3EcIZOehQejHr/EpUSbR1TYtcOSMxhefRNpVTg==
2025-10-09 15:41:58.870 [main] INFO  com.douyin.util.DouyinPayUtil:35 - 生成的data参数: {"skuList":[{"skuId":"temp_order_1759981697035","price":2,"quantity":1,"title":"曾天劭自动化进件1753340831","imageList":["https://image.bolink.com/yima/parking-icon.png"],"type":301,"tagGroupId":"parking_service"}],"outOrderNo":"temp_order_1759981697035","totalAmount":2,"payExpireSeconds":300,"payNotifyUrl":"https://beta.bolink.club/unionapi/douyin/notify","merchantUid":"75542533284907768660","orderEntrySchema":{"path":"subpackages/airport-parking/order-detail/index","params":"{\"orderId\":\"temp_order_1759981697035\",\"fromPayment\":\"true\"}"},"limitPayWayList":[]}
2025-10-09 15:41:58.885 [main] ERROR com.douyin.util.DouyinSignUtil:110 - 转换私钥失败
java.lang.IllegalArgumentException: Input byte array has incorrect ending byte at 1628
	at java.util.Base64$Decoder.decode0(Base64.java:742)
	at java.util.Base64$Decoder.decode(Base64.java:526)
	at java.util.Base64$Decoder.decode(Base64.java:549)
	at com.douyin.util.DouyinSignUtil.string2PrivateKey(DouyinSignUtil.java:101)
	at com.douyin.util.DouyinSignUtil.generateSignature(DouyinSignUtil.java:60)
	at com.douyin.util.DouyinPayUtil.generateOrderSignature(DouyinPayUtil.java:45)
	at com.douyin.DouyinOrderDemo.main(DouyinOrderDemo.java:28)
2025-10-09 15:41:58.885 [main] ERROR com.douyin.util.DouyinSignUtil:66 - 生成签名失败
java.lang.RuntimeException: 转换私钥失败
	at com.douyin.util.DouyinSignUtil.string2PrivateKey(DouyinSignUtil.java:111)
	at com.douyin.util.DouyinSignUtil.generateSignature(DouyinSignUtil.java:60)
	at com.douyin.util.DouyinPayUtil.generateOrderSignature(DouyinPayUtil.java:45)
	at com.douyin.DouyinOrderDemo.main(DouyinOrderDemo.java:28)
Caused by: java.lang.IllegalArgumentException: Input byte array has incorrect ending byte at 1628
	at java.util.Base64$Decoder.decode0(Base64.java:742)
	at java.util.Base64$Decoder.decode(Base64.java:526)
	at java.util.Base64$Decoder.decode(Base64.java:549)
	at com.douyin.util.DouyinSignUtil.string2PrivateKey(DouyinSignUtil.java:101)
	... 3 common frames omitted
2025-10-09 15:41:58.885 [main] ERROR com.douyin.util.DouyinPayUtil:67 - 生成抖音下单签名失败
java.lang.RuntimeException: 生成签名失败
	at com.douyin.util.DouyinSignUtil.generateSignature(DouyinSignUtil.java:67)
	at com.douyin.util.DouyinPayUtil.generateOrderSignature(DouyinPayUtil.java:45)
	at com.douyin.DouyinOrderDemo.main(DouyinOrderDemo.java:28)
Caused by: java.lang.RuntimeException: 转换私钥失败
	at com.douyin.util.DouyinSignUtil.string2PrivateKey(DouyinSignUtil.java:111)
	at com.douyin.util.DouyinSignUtil.generateSignature(DouyinSignUtil.java:60)
	... 2 common frames omitted
Caused by: java.lang.IllegalArgumentException: Input byte array has incorrect ending byte at 1628
	at java.util.Base64$Decoder.decode0(Base64.java:742)
	at java.util.Base64$Decoder.decode(Base64.java:526)
	at java.util.Base64$Decoder.decode(Base64.java:549)
	at com.douyin.util.DouyinSignUtil.string2PrivateKey(DouyinSignUtil.java:101)
	... 3 common frames omitted
2025-10-09 15:43:05.571 [main] INFO  com.douyin.util.DouyinPayUtil:35 - 生成的data参数: {"skuList":[{"skuId":"temp_order_1759981697035","price":2,"quantity":1,"title":"曾天劭自动化进件1753340831","imageList":["https://image.bolink.com/yima/parking-icon.png"],"type":301,"tagGroupId":"parking_service"}],"outOrderNo":"temp_order_1759981697035","totalAmount":2,"payExpireSeconds":300,"payNotifyUrl":"https://beta.bolink.club/unionapi/douyin/notify","merchantUid":"75542533284907768660","orderEntrySchema":{"path":"subpackages/airport-parking/order-detail/index","params":"{\"orderId\":\"temp_order_1759981697035\",\"fromPayment\":\"true\"}"},"limitPayWayList":[]}
2025-10-09 15:43:05.604 [main] INFO  com.douyin.util.DouyinPayUtil:63 - 生成的byteAuthorization: SHA256-RSA2048 appid=tta5f4d3493af8920701,nonce_str=a7cd68148ae44856964fb9475d93a23c,timestamp=1759995291,key_version=1,signature=RsViVvZ0e866sXaRFtWmGzwSaagz+ht+LRxdf2B+THCLS9B3VP06zKJYnPUl9DFJv72/jZNM2vaSf6f/3NLP1CwStPj+84OjxXBUUZtpD9z9RB8EKH4TAWIbQCHXIx0yd7ysOlkYpgyFO0avxzEV73osgyVLrJzWotKSvevQmNPqJoHqhakEMK49lu7sVVm6dWHVPtvbRQK4Gpyendt32hmdnIB7AqhIOTiy3KxGTiooMxg6KiL/37+ttfKbL2udWC4yn/hnwq/+LD+TzG0zG5h+peMpjQmKSg5xbgM6f05IlS0U3EcIZOehQejHr/EpUSbR1TYtcOSMxhefRNpVTg==
2025-10-09 15:46:12.817 [main] INFO  com.douyin.util.DouyinPayUtil:35 - 生成的data参数: {"skuList":[{"skuId":"temp_order_1759981697035","price":2,"quantity":1,"title":"曾天劭自动化进件1753340831","imageList":["https://image.bolink.com/yima/parking-icon.png"],"type":301,"tagGroupId":"parking_service"}],"outOrderNo":"temp_order_1759981697035","totalAmount":2,"payExpireSeconds":300,"payNotifyUrl":"https://beta.bolink.club/unionapi/douyin/notify","merchantUid":"75542533284907768660","orderEntrySchema":{"path":"subpackages/airport-parking/order-detail/index","params":"{\"orderId\":\"temp_order_1759981697035\",\"fromPayment\":\"true\"}"},"limitPayWayList":[]}
2025-10-09 15:46:12.849 [main] INFO  com.douyin.util.DouyinPayUtil:63 - 生成的byteAuthorization: SHA256-RSA2048 appid=tta5f4d3493af8920701,nonce_str=a7cd68148ae44856964fb9475d93a23c,timestamp=1759995291,key_version=1,signature=RsViVvZ0e866sXaRFtWmGzwSaagz+ht+LRxdf2B+THCLS9B3VP06zKJYnPUl9DFJv72/jZNM2vaSf6f/3NLP1CwStPj+84OjxXBUUZtpD9z9RB8EKH4TAWIbQCHXIx0yd7ysOlkYpgyFO0avxzEV73osgyVLrJzWotKSvevQmNPqJoHqhakEMK49lu7sVVm6dWHVPtvbRQK4Gpyendt32hmdnIB7AqhIOTiy3KxGTiooMxg6KiL/37+ttfKbL2udWC4yn/hnwq/+LD+TzG0zG5h+peMpjQmKSg5xbgM6f05IlS0U3EcIZOehQejHr/EpUSbR1TYtcOSMxhefRNpVTg==
2025-10-09 15:51:13.348 [main] INFO  com.douyin.util.DouyinPayUtil:36 - 生成的data参数: {"limitPayWayList":[],"merchantUid":"75542533284907768660","orderEntrySchema":{"params":"{\"orderId\":\"temp_order_1759981697035\",\"fromPayment\":\"true\"}","path":"subpackages/airport-parking/order-detail/index"},"outOrderNo":"temp_order_1759981697035","payExpireSeconds":300,"payNotifyUrl":"https://beta.bolink.club/unionapi/douyin/notify","skuList":[{"imageList":["https://image.bolink.com/yima/parking-icon.png"],"price":2,"quantity":1,"skuId":"temp_order_1759981697035","tagGroupId":"parking_service","title":"曾天劭自动化进件1753340831","type":301}],"totalAmount":2}
2025-10-09 15:51:13.381 [main] INFO  com.douyin.util.DouyinPayUtil:64 - 生成的byteAuthorization: SHA256-RSA2048 appid=tta5f4d3493af8920701,nonce_str=a7cd68148ae44856964fb9475d93a23c,timestamp=1759995291,key_version=1,signature=UjoLmFN1jLmTXZZRjvRorzwSqR0yChwUZl9x8trF2OmBJh5D46KlQyOkmDkHkLgqywn854EOwjLPJLtPpPeJcpi7462ZJuQB6XuPlJnaw0nmm9h1oU+lfk2HqD4P5wBW3j7pTTg7j2O3+eQ2ijfUIb5Czu6QQ9sMtOkDuvL5qR//iZWRPn2B/qelzcu9rveLHZ0GkKOSy6hyvCe0g7IUT7qjY5IYoq9Gf1sq+eSu14j8dFlwMoTM42bf05aXw6XpKQSah77zz7r7DvGha64jzWBpTbc6E/KqdVOhGYJPP3RhTe5FHh15C/zUSD9xYthMZSVFw53FCYFm683NRAHovQ==
2025-10-09 15:53:22.888 [main] INFO  com.douyin.util.DouyinPayUtil:36 - 生成的data参数: {"limitPayWayList":[],"merchantUid":"75542533284907768660","orderEntrySchema":{"params":"{\"orderId\":\"temp_order_1759981697035\",\"fromPayment\":\"true\"}","path":"subpackages/airport-parking/order-detail/index"},"outOrderNo":"temp_order_1759981697035","payExpireSeconds":300,"payNotifyUrl":"https://beta.bolink.club/unionapi/douyin/notify","skuList":[{"imageList":["https://image.bolink.com/yima/parking-icon.png"],"price":2,"quantity":1,"skuId":"temp_order_1759981697035","tagGroupId":"parking_service","title":"曾天劭自动化进件1753340831","type":301}],"totalAmount":2}
2025-10-09 15:53:22.921 [main] INFO  com.douyin.util.DouyinPayUtil:65 - 生成的byteAuthorization: SHA256-RSA2048 appid=tta5f4d3493af8920701,nonce_str=a7cd68148ae44856964fb9475d93a23c,timestamp=1759995291,key_version=1,signature=UjoLmFN1jLmTXZZRjvRorzwSqR0yChwUZl9x8trF2OmBJh5D46KlQyOkmDkHkLgqywn854EOwjLPJLtPpPeJcpi7462ZJuQB6XuPlJnaw0nmm9h1oU+lfk2HqD4P5wBW3j7pTTg7j2O3+eQ2ijfUIb5Czu6QQ9sMtOkDuvL5qR//iZWRPn2B/qelzcu9rveLHZ0GkKOSy6hyvCe0g7IUT7qjY5IYoq9Gf1sq+eSu14j8dFlwMoTM42bf05aXw6XpKQSah77zz7r7DvGha64jzWBpTbc6E/KqdVOhGYJPP3RhTe5FHh15C/zUSD9xYthMZSVFw53FCYFm683NRAHovQ==
2025-10-09 15:53:27.431 [main] INFO  com.douyin.util.DouyinPayUtil:36 - 生成的data参数: {"limitPayWayList":[],"merchantUid":"75542533284907768660","orderEntrySchema":{"params":"{\"orderId\":\"temp_order_1759981697035\",\"fromPayment\":\"true\"}","path":"subpackages/airport-parking/order-detail/index"},"outOrderNo":"temp_order_1759981697035","payExpireSeconds":300,"payNotifyUrl":"https://beta.bolink.club/unionapi/douyin/notify","skuList":[{"imageList":["https://image.bolink.com/yima/parking-icon.png"],"price":2,"quantity":1,"skuId":"temp_order_1759981697035","tagGroupId":"parking_service","title":"曾天劭自动化进件1753340831","type":301}],"totalAmount":2}
2025-10-09 15:53:27.463 [main] INFO  com.douyin.util.DouyinPayUtil:65 - 生成的byteAuthorization: SHA256-RSA2048 appid=tta5f4d3493af8920701,nonce_str=a7cd68148ae44856964fb9475d93a23c,timestamp=1759995291,key_version=1,signature=UjoLmFN1jLmTXZZRjvRorzwSqR0yChwUZl9x8trF2OmBJh5D46KlQyOkmDkHkLgqywn854EOwjLPJLtPpPeJcpi7462ZJuQB6XuPlJnaw0nmm9h1oU+lfk2HqD4P5wBW3j7pTTg7j2O3+eQ2ijfUIb5Czu6QQ9sMtOkDuvL5qR//iZWRPn2B/qelzcu9rveLHZ0GkKOSy6hyvCe0g7IUT7qjY5IYoq9Gf1sq+eSu14j8dFlwMoTM42bf05aXw6XpKQSah77zz7r7DvGha64jzWBpTbc6E/KqdVOhGYJPP3RhTe5FHh15C/zUSD9xYthMZSVFw53FCYFm683NRAHovQ==
2025-10-09 16:07:40.499 [main] INFO  com.douyin.util.DouyinPayUtil:36 - 生成的data参数: {"limitPayWayList":[],"merchantUid":"75542533284907768660","orderEntrySchema":{"params":"{\"orderId\":\"temp_order_1759981697035\",\"fromPayment\":\"true\"}","path":"subpackages/airport-parking/order-detail/index"},"outOrderNo":"temp_order_1759981697035","payExpireSeconds":300,"payNotifyUrl":"https://beta.bolink.club/unionapi/douyin/notify","skuList":[{"imageList":["https://image.bolink.com/yima/parking-icon.png"],"price":2,"quantity":1,"skuId":"temp_order_1759981697035","tagGroupId":"parking_service","title":"曾天劭自动化进件1753340831","type":301}],"totalAmount":2}
2025-10-09 16:07:40.536 [main] INFO  com.douyin.util.DouyinPayUtil:65 - 生成的byteAuthorization: SHA256-RSA2048 appid=tta5f4d3493af8920701,nonce_str=a7cd68148ae44856964fb9475d93a23c,timestamp=1759995291,key_version=1,signature=UjoLmFN1jLmTXZZRjvRorzwSqR0yChwUZl9x8trF2OmBJh5D46KlQyOkmDkHkLgqywn854EOwjLPJLtPpPeJcpi7462ZJuQB6XuPlJnaw0nmm9h1oU+lfk2HqD4P5wBW3j7pTTg7j2O3+eQ2ijfUIb5Czu6QQ9sMtOkDuvL5qR//iZWRPn2B/qelzcu9rveLHZ0GkKOSy6hyvCe0g7IUT7qjY5IYoq9Gf1sq+eSu14j8dFlwMoTM42bf05aXw6XpKQSah77zz7r7DvGha64jzWBpTbc6E/KqdVOhGYJPP3RhTe5FHh15C/zUSD9xYthMZSVFw53FCYFm683NRAHovQ==
2025-10-09 16:11:32.303 [main] INFO  com.douyin.util.DouyinPayUtil:72 - 生成的byteAuthorization: SHA256-RSA2048 appid=tta5f4d3493af8920701,nonce_str=a7cd68148ae44856964fb9475d93a23c,timestamp=1759995291,key_version=1,signature=UjoLmFN1jLmTXZZRjvRorzwSqR0yChwUZl9x8trF2OmBJh5D46KlQyOkmDkHkLgqywn854EOwjLPJLtPpPeJcpi7462ZJuQB6XuPlJnaw0nmm9h1oU+lfk2HqD4P5wBW3j7pTTg7j2O3+eQ2ijfUIb5Czu6QQ9sMtOkDuvL5qR//iZWRPn2B/qelzcu9rveLHZ0GkKOSy6hyvCe0g7IUT7qjY5IYoq9Gf1sq+eSu14j8dFlwMoTM42bf05aXw6XpKQSah77zz7r7DvGha64jzWBpTbc6E/KqdVOhGYJPP3RhTe5FHh15C/zUSD9xYthMZSVFw53FCYFm683NRAHovQ==
2025-10-09 16:13:43.673 [main] INFO  com.douyin.util.DouyinPayUtil:72 - 生成的byteAuthorization: SHA256-RSA2048 appid=tta5f4d3493af8920701,nonce_str=a7cd68148ae44856964fb9475d93a23c,timestamp=1759995291,key_version=1,signature=Vw8UwZqnLXH/bPYXikgs1BgPQt7qgjQxMTH7OJSYXA0ITNt8O4hQsZLo3/uuBQGKc2ZX2F1CNXImpG+/8uIdunn/dSngMR7V8M9LfANRP07eyYhkirYgLdzJUgfKJkrxswq3eRHdiLhMcAXXPkjbXhg28TYKXRygyvRB8gt4QC0S/MvMK1eCIq8q/kktytrBRMKgCoib53sponD7z1PpC/evtX9Yvym7dSqXoynucaWcI0tLD+ngqonr5mT9kUwd4IL9xFPfrKZDvyh9/ckTXGpClKPE8pAyCzJWqoHayWG4aYTjSWPBj0Gh+G4ywQ3e/xV3s5Q7kZD4uUYnZf1EsA==
2025-10-09 16:36:04.120 [main] INFO  com.douyin.util.DouyinPayUtil:72 - 生成的byteAuthorization: SHA256-RSA2048 appid=tta5f4d3493af8920701,nonce_str=a7cd68148ae44856964fb9475d93a23c,timestamp=1759995291,key_version=1,signature=flNk1TX2O8ptqxAPVYuzfZZiw+aLZjf3aF7XEDVfNFUTkM8vEkcuyrCFZn1o6M9seK80qabh6sv0J9rIfAWAQfJIUyiggebSWFTrMPNFxPLvaZpLKi4roUmHURbJLCtI4fd46XYrfA+7/QOdG3XQ52yAv/UoHS9IU1omVayEwjlmy9tbkMZ3vEmRkZCQE5xQTDATlJD8UDsnttLhKFVH95wXJo46TLr2EGKbJbCH+fKI8vuBLLRzF+roPO1rLZk5g5UDQslWFTdgC6Hycag+BuhhzJQm6SjzgCQolS8BYtCQiorvxpJXik/Egex8GtK/wlF08JaJVDj433a9X3JJqQ==
2025-10-09 16:36:13.318 [main] INFO  com.douyin.util.DouyinPayUtil:72 - 生成的byteAuthorization: SHA256-RSA2048 appid=tta5f4d3493af8920701,nonce_str=a7cd68148ae44856964fb9475d93a23c,timestamp=1759995291,key_version=1,signature=flNk1TX2O8ptqxAPVYuzfZZiw+aLZjf3aF7XEDVfNFUTkM8vEkcuyrCFZn1o6M9seK80qabh6sv0J9rIfAWAQfJIUyiggebSWFTrMPNFxPLvaZpLKi4roUmHURbJLCtI4fd46XYrfA+7/QOdG3XQ52yAv/UoHS9IU1omVayEwjlmy9tbkMZ3vEmRkZCQE5xQTDATlJD8UDsnttLhKFVH95wXJo46TLr2EGKbJbCH+fKI8vuBLLRzF+roPO1rLZk5g5UDQslWFTdgC6Hycag+BuhhzJQm6SjzgCQolS8BYtCQiorvxpJXik/Egex8GtK/wlF08JaJVDj433a9X3JJqQ==
2025-10-09 16:37:14.701 [main] INFO  com.douyin.util.DouyinPayUtil:72 - 生成的byteAuthorization: SHA256-RSA2048 appid=tta5f4d3493af8920701,nonce_str=a7cd68148ae44856964fb9475d93a23c,timestamp=1759995291,key_version=1,signature=flNk1TX2O8ptqxAPVYuzfZZiw+aLZjf3aF7XEDVfNFUTkM8vEkcuyrCFZn1o6M9seK80qabh6sv0J9rIfAWAQfJIUyiggebSWFTrMPNFxPLvaZpLKi4roUmHURbJLCtI4fd46XYrfA+7/QOdG3XQ52yAv/UoHS9IU1omVayEwjlmy9tbkMZ3vEmRkZCQE5xQTDATlJD8UDsnttLhKFVH95wXJo46TLr2EGKbJbCH+fKI8vuBLLRzF+roPO1rLZk5g5UDQslWFTdgC6Hycag+BuhhzJQm6SjzgCQolS8BYtCQiorvxpJXik/Egex8GtK/wlF08JaJVDj433a9X3JJqQ==
2025-10-09 16:43:16.685 [main] INFO  com.douyin.util.DouyinPayUtil:72 - 生成的byteAuthorization: SHA256-RSA2048 appid=tta5f4d3493af8920701,nonce_str=a7cd68148ae44856964fb9475d93a23c,timestamp=1759995291,key_version=1,signature=flNk1TX2O8ptqxAPVYuzfZZiw+aLZjf3aF7XEDVfNFUTkM8vEkcuyrCFZn1o6M9seK80qabh6sv0J9rIfAWAQfJIUyiggebSWFTrMPNFxPLvaZpLKi4roUmHURbJLCtI4fd46XYrfA+7/QOdG3XQ52yAv/UoHS9IU1omVayEwjlmy9tbkMZ3vEmRkZCQE5xQTDATlJD8UDsnttLhKFVH95wXJo46TLr2EGKbJbCH+fKI8vuBLLRzF+roPO1rLZk5g5UDQslWFTdgC6Hycag+BuhhzJQm6SjzgCQolS8BYtCQiorvxpJXik/Egex8GtK/wlF08JaJVDj433a9X3JJqQ==
2025-10-09 16:49:53.701 [main] INFO  com.douyin.util.DouyinPayUtil:72 - 生成的byteAuthorization: SHA256-RSA2048 appid=tta5f4d3493af8920701,nonce_str=a7cd68148ae44856964fb9475d93a23c,timestamp=1759995291,key_version=1,signature=LS3MySZ2XDyytPu73SAX1wfSfyRJ6t7KrkoaO/4aD20+q4PJQHhXu8s9/K0/dsvSnoSaNGxw0uqBocGkk4cYgB8Wu/rfEQ8ktKRV4qS4yl17NbcGpUKyDwVP5dRJcRazM/Yl3jEoWdK4v27St77vXNgHo2ZSEtepy0yCqZy/nlEUtpWhnRfEufEfT1zbvgdGTiw99rJEO4akmrTGh2IzWMJSPxPe348sK9CH4SEZqO4xLPan7LHtwtWdv2Ywn/9QJw46PNJDlDgaJXeeYY/x39ju/B5Abq/fIi35CgIxTZBTXpLlVeHTwYQQAQeuZ2/qCLADnhMJnezDjd/XKIculQ==
2025-10-09 16:52:31.303 [main] INFO  com.douyin.util.DouyinPayUtil:73 - 生成的byteAuthorization: SHA256-RSA2048 appid=tta5f4d3493af8920701,nonce_str=a7cd68148ae44856964fb9475d93a23c,timestamp=1759995291,key_version=1,signature=flNk1TX2O8ptqxAPVYuzfZZiw+aLZjf3aF7XEDVfNFUTkM8vEkcuyrCFZn1o6M9seK80qabh6sv0J9rIfAWAQfJIUyiggebSWFTrMPNFxPLvaZpLKi4roUmHURbJLCtI4fd46XYrfA+7/QOdG3XQ52yAv/UoHS9IU1omVayEwjlmy9tbkMZ3vEmRkZCQE5xQTDATlJD8UDsnttLhKFVH95wXJo46TLr2EGKbJbCH+fKI8vuBLLRzF+roPO1rLZk5g5UDQslWFTdgC6Hycag+BuhhzJQm6SjzgCQolS8BYtCQiorvxpJXik/Egex8GtK/wlF08JaJVDj433a9X3JJqQ==
2025-10-09 16:53:27.261 [main] INFO  com.douyin.util.DouyinPayUtil:69 - 生成的byteAuthorization: SHA256-RSA2048 appid=tta5f4d3493af8920701,nonce_str=a7cd68148ae44856964fb9475d93a23c,timestamp=1759995291,key_version=1,signature=flNk1TX2O8ptqxAPVYuzfZZiw+aLZjf3aF7XEDVfNFUTkM8vEkcuyrCFZn1o6M9seK80qabh6sv0J9rIfAWAQfJIUyiggebSWFTrMPNFxPLvaZpLKi4roUmHURbJLCtI4fd46XYrfA+7/QOdG3XQ52yAv/UoHS9IU1omVayEwjlmy9tbkMZ3vEmRkZCQE5xQTDATlJD8UDsnttLhKFVH95wXJo46TLr2EGKbJbCH+fKI8vuBLLRzF+roPO1rLZk5g5UDQslWFTdgC6Hycag+BuhhzJQm6SjzgCQolS8BYtCQiorvxpJXik/Egex8GtK/wlF08JaJVDj433a9X3JJqQ==
2025-10-09 16:56:24.370 [main] INFO  com.douyin.util.DouyinPayUtil:69 - 生成的byteAuthorization: SHA256-RSA2048 appid=tta5f4d3493af8920701,nonce_str=a7cd68148ae44856964fb9475d93a23c,timestamp=1759995291,key_version=2,signature=flNk1TX2O8ptqxAPVYuzfZZiw+aLZjf3aF7XEDVfNFUTkM8vEkcuyrCFZn1o6M9seK80qabh6sv0J9rIfAWAQfJIUyiggebSWFTrMPNFxPLvaZpLKi4roUmHURbJLCtI4fd46XYrfA+7/QOdG3XQ52yAv/UoHS9IU1omVayEwjlmy9tbkMZ3vEmRkZCQE5xQTDATlJD8UDsnttLhKFVH95wXJo46TLr2EGKbJbCH+fKI8vuBLLRzF+roPO1rLZk5g5UDQslWFTdgC6Hycag+BuhhzJQm6SjzgCQolS8BYtCQiorvxpJXik/Egex8GtK/wlF08JaJVDj433a9X3JJqQ==
2025-10-09 16:59:31.364 [main] INFO  com.douyin.util.DouyinPayUtil:72 - 生成的byteAuthorization: SHA256-RSA2048 appid=tta5f4d3493af8920701,nonce_str=a7cd68148ae44856964fb9475d93a23c,timestamp=1759995291,key_version=2,signature=Vw8UwZqnLXH/bPYXikgs1BgPQt7qgjQxMTH7OJSYXA0ITNt8O4hQsZLo3/uuBQGKc2ZX2F1CNXImpG+/8uIdunn/dSngMR7V8M9LfANRP07eyYhkirYgLdzJUgfKJkrxswq3eRHdiLhMcAXXPkjbXhg28TYKXRygyvRB8gt4QC0S/MvMK1eCIq8q/kktytrBRMKgCoib53sponD7z1PpC/evtX9Yvym7dSqXoynucaWcI0tLD+ngqonr5mT9kUwd4IL9xFPfrKZDvyh9/ckTXGpClKPE8pAyCzJWqoHayWG4aYTjSWPBj0Gh+G4ywQ3e/xV3s5Q7kZD4uUYnZf1EsA==
2025-10-09 17:09:33.854 [main] INFO  com.douyin.util.DouyinPayUtil:72 - 生成的byteAuthorization: SHA256-RSA2048 appid=tta5f4d3493af8920701,nonce_str=a7cd68148ae44856964fb9475d93a23c,timestamp=1759995291,key_version=2,signature=oV6KMf4cwemOywNVkKoc8E5T4Nx/YX6BNTrLLWzzyPmOyIMOwKXrKM5smsYPJxAocVJnFdReGJT28c/1gSbpuAhrL8c1aDSkSMrr2v2O+FJS7wqQtvFlU7m68yWgEUB05RGBxMTqGoPY25GGBGotv8s6KBSLWs48qeH43qC0r1htsguBCzFaKUbh6O6zw/J1R7VwEhxwWrWAXcl/oH0w0mTBP6u4pLcvk/7kRSfXelN2E6D3kOO+eexGfaZ4FHLHUs7b/b1cKNogCYG1ZhAwq0NklaPQh+tdCKgGsTPnnQurkjAR7ThdQDZjwTo9prCiivw7mEy2N1lsOjXcyU60aw==
2025-10-09 17:19:35.343 [main] INFO  com.douyin.util.DouyinPayUtil:70 - 生成的byteAuthorization: SHA256-RSA2048 appid=tta5f4d3493af8920701,nonce_str=a7cd68148ae44856964fb9475d93a23c,timestamp=1759995291,key_version=2,signature=oV6KMf4cwemOywNVkKoc8E5T4Nx/YX6BNTrLLWzzyPmOyIMOwKXrKM5smsYPJxAocVJnFdReGJT28c/1gSbpuAhrL8c1aDSkSMrr2v2O+FJS7wqQtvFlU7m68yWgEUB05RGBxMTqGoPY25GGBGotv8s6KBSLWs48qeH43qC0r1htsguBCzFaKUbh6O6zw/J1R7VwEhxwWrWAXcl/oH0w0mTBP6u4pLcvk/7kRSfXelN2E6D3kOO+eexGfaZ4FHLHUs7b/b1cKNogCYG1ZhAwq0NklaPQh+tdCKgGsTPnnQurkjAR7ThdQDZjwTo9prCiivw7mEy2N1lsOjXcyU60aw==
2025-10-09 17:21:11.007 [main] INFO  com.douyin.util.DouyinPayUtil:69 - 生成的byteAuthorization: SHA256-RSA2048 appid=tta5f4d3493af8920701,nonce_str=a7cd68148ae44856964fb9475d93a23c,timestamp=1759995291,key_version=2,signature=oV6KMf4cwemOywNVkKoc8E5T4Nx/YX6BNTrLLWzzyPmOyIMOwKXrKM5smsYPJxAocVJnFdReGJT28c/1gSbpuAhrL8c1aDSkSMrr2v2O+FJS7wqQtvFlU7m68yWgEUB05RGBxMTqGoPY25GGBGotv8s6KBSLWs48qeH43qC0r1htsguBCzFaKUbh6O6zw/J1R7VwEhxwWrWAXcl/oH0w0mTBP6u4pLcvk/7kRSfXelN2E6D3kOO+eexGfaZ4FHLHUs7b/b1cKNogCYG1ZhAwq0NklaPQh+tdCKgGsTPnnQurkjAR7ThdQDZjwTo9prCiivw7mEy2N1lsOjXcyU60aw==
2025-10-09 17:44:10.932 [main] INFO  com.douyin.util.DouyinPayUtil:69 - 生成的byteAuthorization: SHA256-RSA2048 appid=tta5f4d3493af8920701,nonce_str=a7cd68148ae44856964fb9475d93a23c,timestamp=1759995291,key_version=2,signature=flNk1TX2O8ptqxAPVYuzfZZiw+aLZjf3aF7XEDVfNFUTkM8vEkcuyrCFZn1o6M9seK80qabh6sv0J9rIfAWAQfJIUyiggebSWFTrMPNFxPLvaZpLKi4roUmHURbJLCtI4fd46XYrfA+7/QOdG3XQ52yAv/UoHS9IU1omVayEwjlmy9tbkMZ3vEmRkZCQE5xQTDATlJD8UDsnttLhKFVH95wXJo46TLr2EGKbJbCH+fKI8vuBLLRzF+roPO1rLZk5g5UDQslWFTdgC6Hycag+BuhhzJQm6SjzgCQolS8BYtCQiorvxpJXik/Egex8GtK/wlF08JaJVDj433a9X3JJqQ==
2025-10-09 17:44:30.543 [main] INFO  com.douyin.util.DouyinPayUtil:69 - 生成的byteAuthorization: SHA256-RSA2048 appid=tta5f4d3493af8920701,nonce_str=a7cd68148ae44856964fb9475d93a23c,timestamp=1759995291,key_version=2,signature=flNk1TX2O8ptqxAPVYuzfZZiw+aLZjf3aF7XEDVfNFUTkM8vEkcuyrCFZn1o6M9seK80qabh6sv0J9rIfAWAQfJIUyiggebSWFTrMPNFxPLvaZpLKi4roUmHURbJLCtI4fd46XYrfA+7/QOdG3XQ52yAv/UoHS9IU1omVayEwjlmy9tbkMZ3vEmRkZCQE5xQTDATlJD8UDsnttLhKFVH95wXJo46TLr2EGKbJbCH+fKI8vuBLLRzF+roPO1rLZk5g5UDQslWFTdgC6Hycag+BuhhzJQm6SjzgCQolS8BYtCQiorvxpJXik/Egex8GtK/wlF08JaJVDj433a9X3JJqQ==
2025-10-09 17:47:30.963 [main] INFO  com.douyin.util.DouyinPayUtil:68 - 生成的byteAuthorization: SHA256-RSA2048 appid=tta5f4d3493af8920701,nonce_str=a7cd68148ae44856964fb9475d93a23c,timestamp=1759995291,key_version=2,signature=KgWUG/DKCXtvDkSfEB17647ZlpsrOyMfHcXG8Q7J+5OWS5NMXHZfw/JRftBztyL0jTa14nspRPxrQHEWmHMoL8GJVy1BhGs/qTDSGRjQkbF9mggWnQmVS1j/zhbCaSyTdV0as9wpu/QS00GVRtgoYHtMst69t2r6sq3EYBj520LFqIjkWLHoSfcJDkL0Nn5t/twxT1thr7TWrNKf+Jeg3g28u8GslGHqFXofLeZOl5CObdNfGEnH9TiROBM8OI+Luma8BqLKLP6y7bbHOdtabO/gSTvSyeJcrFsZAFaIVVl50kDCpgmwllFLNHkWdXoWS1gvEeQWRNK6BNn65jTFgw==
2025-10-09 17:47:46.663 [main] INFO  com.douyin.util.DouyinPayUtil:68 - 生成的byteAuthorization: SHA256-RSA2048 appid=tta5f4d3493af8920701,nonce_str=a7cd68148ae44856964fb9475d93a23c,timestamp=1759995291,key_version=2,signature=KgWUG/DKCXtvDkSfEB17647ZlpsrOyMfHcXG8Q7J+5OWS5NMXHZfw/JRftBztyL0jTa14nspRPxrQHEWmHMoL8GJVy1BhGs/qTDSGRjQkbF9mggWnQmVS1j/zhbCaSyTdV0as9wpu/QS00GVRtgoYHtMst69t2r6sq3EYBj520LFqIjkWLHoSfcJDkL0Nn5t/twxT1thr7TWrNKf+Jeg3g28u8GslGHqFXofLeZOl5CObdNfGEnH9TiROBM8OI+Luma8BqLKLP6y7bbHOdtabO/gSTvSyeJcrFsZAFaIVVl50kDCpgmwllFLNHkWdXoWS1gvEeQWRNK6BNn65jTFgw==
2025-10-09 17:48:25.776 [main] INFO  com.douyin.util.DouyinPayUtil:68 - 生成的byteAuthorization: SHA256-RSA2048 appid=tta5f4d3493af8920701,nonce_str=a7cd68148ae44856964fb9475d93a23c,timestamp=1759995291,key_version=2,signature=dnUBPDoL6zVFuSlBurNkPYSEkM4vFYllzyXA607J2Tnt9cp7qf8SW+kEZvyF1rrcfuXk3rCwGjU/FlaUYOJPYm21J/u7/GpGJ4FaNw6lUopBvFTqKRyXeVmEPgpcpeilTIYvYJ7w+v3n11LtiefE/zke4wE5xxBS19V9cOd9FBCEHNI8HoY54M7Wjz/7MO/tAiygALBZ1Ku2X03fkGmzdyxUTtWnbdmslHwEkQ2QMf6XFV9dGTxoStatuByoBhmLCn1wohM1PEDMEtZ4GRvqL2S+F//AtUyfyUoIGD6fhkfK/m7c2mrn5P1f+ROZnlS10KUtpru9I5B9mm03Al3LlQ==
2025-10-09 17:49:48.461 [main] INFO  com.douyin.util.DouyinPayUtil:68 - 生成的byteAuthorization: SHA256-RSA2048 appid=tta5f4d3493af8920701,nonce_str=a7cd68148ae44856964fb9475d93a23c,timestamp=1759995291,key_version=2,signature=vhwMsMWZuYhwgzjCTpy+Pr9vEpXHz44ZX87Smj5mmW3s/EeRtyLd+qbvRkYzLJKcicJ+7SZgsm4nTofT7i1TMpm+TXSnRFN0skZQDv2JeTxbOb1QsRiaT+IuwxGqz0++1CiAlRXO0CI7fcg6S3UeFOOtl/iFQECmb5Ddqot2YPzzCtViqXnQ+8gUqQgmqVfpBvvDWVdBY1pNwR91BS8O6xLRprDrbOXM8JVZb3sFTw9p6tp8uppHvee9jUZq0PSScMNTCQFIBmUFSQjcoQ11Vf1z5OYinVpQ4N7wxHJNL07fv04EAqTPqzLDcj6fEL46CQrto/pH/to+8E4hda2rDA==
2025-10-09 17:50:57.350 [main] INFO  com.douyin.util.DouyinPayUtil:67 - 生成的byteAuthorization: SHA256-RSA2048 appid=tta5f4d3493af8920701,nonce_str=272d0f61f5b8422d83788c3aa81e8caa,timestamp=1760003457,key_version=2,signature=jm4XYlgkWdfu/aUCjYSmJqbIVLBdGfPwQUoDiv5s3zLTJdXflxAyfqQwbD2rxSdS7zElZdweCMv3tXFz7WWu9VrZVoXYz/kk/oL3qm0m4oCA2fLs7hCxCKdh+nnEOBqFsDHUDfZCwlyYe2+uY+RhdsJoMdJagCsSh49QMSDtzWSiGMk3RNbvWB4dSnExu4okJROTfVq50EnH9q9V7JykwH4gCwus6PLceGtpGSFWlgchH9I/t1HD7q+3ZRf/JOJX1PAZOMF6J9kERWGdVsPq5iQrek3QTBxpRkpmO1O3h5ppD/DA1AuOur1NjDHqwwqR5NbRJ3XbfZE6DS1Tw5Gg7g==
2025-10-09 17:51:46.085 [main] INFO  com.douyin.util.DouyinPayUtil:67 - 生成的byteAuthorization: SHA256-RSA2048 appid=tta5f4d3493af8920701,nonce_str=4c723370f5f54c758434e10fb2aa035e,timestamp=1760003506,key_version=2,signature=P8XKWMryTvLrbO4oKBQuoG1G6cbmMXWBrhPs7O7Z+LRD51Zv8XkRU+ks17xoNpAXndVccdblTtsOqNf6ydMCfR+mZY6hBMNKHU1ekfp/8RY6Tz/nOxQvUegZhXOqzSQF99B4vMmMMIWPPUlDGaeF2EfXdyvXVb2KXX+4dbVIaHm7JjZAato2GdUCFRFDVz/pf6AyxJLPpfVaOCYx0cWCaYnhYF74goPWG2hhmdqAizlrLdT1rlSnVB74XZCwGDfcyaI9zNyrq06I3XDmLt0UFJPcscF14lWxMhADB807Kg5yJJD5qN3GkYSQDV8rBgztizN1HSyiqxNlozY3VoNh1Q==
2025-10-09 17:53:58.856 [main] INFO  com.douyin.util.DouyinPayUtil:67 - 生成的byteAuthorization: SHA256-RSA2048 appid=tta5f4d3493af8920701,nonce_str=837f852707e141c08af35fe9d45b0e39,timestamp=1760003638,key_version=2,signature=UY1+UNCIRvIBDsYvJ8xFrOLF1GXG7dNha8dqiftEAb2VwdrqvEEW/73/d0e+7rPpY9c/PXspOBTqSB2Rh4dXA4zjzdChhDzPTbUApT2LGFkNadASsf3eb9Lwkudw01uARbaJESARZc2dhy9mHg0LAMKAPtbOBP7o3H1jTUFYcww9aFif63zh+RvIqnk9UQFr7+7JY+0EN2x4C7DWvriJzyojS2cJzZXuX6Xw/JNqGnHetIqYHnO+sn0hgcVDAusFOM0ggmna5cE8LtV7qO0N6LpLU1drgvzon3kfr7i4Th+qgEbHfkQLXGOwWpoSmfsOXhz0iNux8A7XTkGltKo/jQ==
2025-10-09 17:58:31.087 [main] INFO  com.douyin.util.DouyinPayUtil:67 - 生成的byteAuthorization: SHA256-RSA2048 appid=tta5f4d3493af8920701,nonce_str=0a0878e1455d4399bd0a25ad514a9120,timestamp=1760003911,key_version=2,signature=ajo+76xnjIJ3nySpAo8XuFa8OCTcrT9IXdCNzQFKI5OyNW27t2jXTS4LkdEDSHyIdvFxSl3/xh1LkKrb/LMwIy8zSVUUG+XbUllP1Dj9wJG4EqH98ged7Sndz8+SokcntNyzIQEckQxSHSuH7pqxUnN6Fv7Ss5gISaffX8yq7sxrCeuul/F7AkAjX91b/shvCUKp6ZIrTm8ovMuVQemhrVaR+8XZQFCP+wIzrqtDHqWFOMvHiJSJ/w7QTF5stla/w0aGcR7vB6CAprIIQG6SfYcGr3k0nhiBtPaOnFnjluQarqGKUU8zqQYQfnASlh1xwlV6B0jGkudSY1Y03H0IIw==
2025-10-09 18:00:30.473 [main] INFO  com.douyin.util.DouyinPayUtil:67 - 生成的byteAuthorization: SHA256-RSA2048 appid=tta5f4d3493af8920701,nonce_str=90556d6d5e7448508856065700dc3440,timestamp=1760004030,key_version=2,signature=iAri8xOhvjsxtEiKd8MC62f/iNuGIrltrfNNsF3nTILKPTPilKsd5RqLg8cQPKxlHQOlFEi1C99V1k4321+NGPsuXs3V9Rm8G7UFl1+MWNWYLAN9KsQnBn5/pmP5ibx1Bh1oIHToIwaTXxZ5O3o0vgiCEUjotOrlrCpk0PxZNJku8FFu7Dh3g3oE1RUPHPfwIuuB1bhC5KnVGSUkGe+6kZXrtMuOsD7e1Zpt/dRJrw+065IE9tGuuHSbFxPbB/MHGbToqQgdIcYGwveJQsDznhHnBt1rJVK1sUEiSvqkw7TOzxPQwufps8idyxs+XKo3MWp+B3U9diJpYJKZgy7tdA==
2025-10-09 18:09:09.369 [main] INFO  com.douyin.util.DouyinPayUtil:67 - 生成的byteAuthorization: SHA256-RSA2048 appid=tta5f4d3493af8920701,nonce_str=8e8e1e5f77dc4c17be05add45de26313,timestamp=1760004549,key_version=2,signature=Z24rgx66E+Xt5hC4riENbu1FSeadpcG0ctU6cwD/XENQGHRoeQP/8zmxHxT+/lUNp1mxkIiaDQ0UlRL+tkQonTaipXLU7bpMlJC9d12G8dVnpRS/zSmufnt7oF0sLindrY06l438VzL0knjM/jLgm40edoA9Q+4l/L7UHF8g9TBVfeqMmoOVXUOP7dyqr1FgQvkIROc2J0gwIJTTv393v9eYk+hly+kyNmR9LrcGkmzNSkAXgmI8gOKXcjXy6GEB/WFFGxQUW/fgtZ/u6bO08U7lQ95oo4/V46orH0s7t6iJjkcJaFUOCQvsxbyImDaEdsN7pOxJ5kPMPkiJhxJRRw==
2025-10-09 18:15:06.865 [main] INFO  com.douyin.util.DouyinPayUtil:67 - 生成的byteAuthorization: SHA256-RSA2048 appid=tta5f4d3493af8920701,nonce_str=5704815edcd24314bda5848f84068a39,timestamp=1760004906,key_version=2,signature=Lbilugr9mtcZwtBnwyRDRvT206/OvRgxEibrUTQtv0YIDggxSO0foBu292DRXlg88FAzKXhv6Q1hg4xu6pL1xy6l9lsB2rduTr0aAc3FqAZMjDEHAE/UcZbqSYclWaIcRmobnHoSaLR/sIZtOd3uZ8vtogsIb93+vNMb+lkWv3A+psSyw+TgzhXjyBDlFQuMEjHcHJS6Wa60jMj97logRS0J4TnV5yQYfD3v/hESnZ3hd6lmUDL67I/EISx/3iBID3koXxtsVfq4xHDHYvvBniqNePNGK3m0kLsku8U1EZXDehTLFh7sIrhf1jfnQ2KWDK8ChE+M7vfLHvzfwW3g6A==
2025-10-09 18:19:33.012 [main] INFO  com.douyin.util.DouyinPayUtil:67 - 生成的byteAuthorization: SHA256-RSA2048 appid=tta5f4d3493af8920701,nonce_str=cd6a539db5a4461eb714fedc4fa58293,timestamp=1760005172,key_version=2,signature=vTsWJ9VCmDG/9LGa4tUG3qhgEUmfXfRjiQ6Rt+WrDzd3I1pG2MlscAtRfB4YxbYl+1a8zv1H50sD3A9jbPXMrtogt3dGyyTysI2JM83Z/1zmO8VlolwNOHL/uOjuKTemiowWti4EnUnIEzc9/yPYNKXB+h0hvFtPvre33pFeezwFea9h9MBuGAXnIP1S6/gLjuan4EFZ4M3zI0m7wrpcxUPs4hToyGfX+knQVH/Wg0A49TyYsIXhsUbpWrLwjWtMoV9MrosnreiI2W8bMm5jnUzGt5N13rb7W1SNbgLzrrVTv5bIxjESyyGwf8YKeRfXe4AMXI2H9mHHKlMR4U5w2Q==
2025-10-09 18:25:14.464 [main] INFO  com.douyin.util.DouyinPayUtil:67 - 生成的byteAuthorization: SHA256-RSA2048 appid=tta5f4d3493af8920701,nonce_str=78df52b1429446fba3c3d590dd222c3c,timestamp=1760005514,key_version=2,signature=kvhqWOGh5XlvNzh53hso7UvJm1lbXFM4WBhJKU+dvZxc6E9fOo92ukgAoEB3wnOyhnaiZr/bZyHynPPE/IcBG9Ugmbfmw5FXC0N0+tMaEt5PUACNLPk+ph41dSSML3HCzq0nhUCAXwMYWBdKsztzTs86PiIPezeQHSGXBVLmcbQPYgjwpRAIej5GwPybh2CUbdqM8TvmN6iNDesbGOODwgSR0R16Zam1F3Ygfbp6F0LMumXfKTR9ik1p5737Ywuc7KePrqSu8c+/5M5F6BAvtwdyzf+r8TN/2VteFOezw2ozXr6248DduM5UtguqYXkUjelktVaUdZPp6Tbuc3W4Pg==
2025-10-09 18:34:49.136 [main] INFO  com.douyin.util.DouyinPayUtil:67 - 生成的byteAuthorization: SHA256-RSA2048 appid=tta5f4d3493af8920701,nonce_str=89f16950711a4835b49e6d5097ec3978,timestamp=1760006089,key_version=2,signature=Yq/Uf7iWP5nrhFQkchY42P+ZZmrVhD3AqBmCLqeDvzIXewFK07nAvukk7FpdUWSVHa9PRGP0LvABzuxUOU/1KVQd9UeugHNCU2WybcM28q5Sfmvih5mBa9rA0wL9lWsKi1b5qNjOHsWAIZjyPPVl6iEfS5XLIC7RqHLo+lNuSsR3rA5EwMxgEYBTVdOR8Vssgm8Im3tGOnv+nTf3SNsdneFKfsvZ5gvY08NQ2WXJwBrrpJH+CfxgfZOyy92M87zGB2hqL7vOXP7Yqh4TejsudWXED/2R/+IOrZXuWMKypERKHByNqzEieHjHsRSIawp/bS4rmnwUbDxuBtCE9jVRCQ==
2025-10-09 18:45:27.350 [main] INFO  com.douyin.util.DouyinPayUtil:67 - 生成的byteAuthorization: SHA256-RSA2048 appid=tta5f4d3493af8920701,nonce_str=c9c227ab83074ef2a7c20273e07a911c,timestamp=1760006727,key_version=2,signature=VFeBMRogYnKIctztwcK0DvaU8OtveEgIdPUOlFCB84eAom5gOe8He61RD4ntqOWh5l1G2QMGL9mF5B6JQTFA9FnfNpEZFqJQwLcIv5hokr/jLa8RXzW4zOwZ9azzGRh8niKp4x0+EODmZkIt3rXtnToxg1BMMsA8ysmZ3PHheDq0ac1BSPD53A3RjsF1ky6shWUIFLEr5y8CFT9qfWJYyXZ4pTMlsfyNSUWbXh6hQBoALeiwR4w6htdWygaxLJqrsM71BdKLQw7NdlMbGiwYhru7k5TT6Uf9Weox8yU+dNfFhYrbfs9XDL3cgRQtpFqnEQZ7cwPYV1zrzMHPEoHNMA==
